<?xml version="1.0" encoding="UTF-8"?>
<testsuite xmlns:xsi="http://www.w3.org/2001/XMLSchema-instance" xsi:noNamespaceSchemaLocation="https://maven.apache.org/surefire/maven-surefire-plugin/xsd/surefire-test-report.xsd" name="com.NorthKingSys.jbf.cn.NorthKingSysApplicationTests" time="9.333" tests="1" errors="0" skipped="0" failures="0">
  <properties>
    <property name="sun.desktop" value="windows"/>
    <property name="awt.toolkit" value="sun.awt.windows.WToolkit"/>
    <property name="file.encoding.pkg" value="sun.io"/>
    <property name="java.specification.version" value="1.8"/>
    <property name="sun.cpu.isalist" value="amd64"/>
    <property name="sun.jnu.encoding" value="GBK"/>
    <property name="java.class.path" value="H:\NorthKingSys\NorthKingSys\target\test-classes;H:\NorthKingSys\NorthKingSys\target\classes;G:\apache-maven-3.6.0\repo\org\springframework\boot\spring-boot-starter\2.2.5.RELEASE\spring-boot-starter-2.2.5.RELEASE.jar;G:\apache-maven-3.6.0\repo\org\springframework\boot\spring-boot\2.2.5.RELEASE\spring-boot-2.2.5.RELEASE.jar;G:\apache-maven-3.6.0\repo\org\springframework\spring-context\5.2.4.RELEASE\spring-context-5.2.4.RELEASE.jar;G:\apache-maven-3.6.0\repo\org\springframework\spring-aop\5.2.4.RELEASE\spring-aop-5.2.4.RELEASE.jar;G:\apache-maven-3.6.0\repo\org\springframework\spring-beans\5.2.4.RELEASE\spring-beans-5.2.4.RELEASE.jar;G:\apache-maven-3.6.0\repo\org\springframework\spring-expression\5.2.4.RELEASE\spring-expression-5.2.4.RELEASE.jar;G:\apache-maven-3.6.0\repo\org\springframework\boot\spring-boot-autoconfigure\2.2.5.RELEASE\spring-boot-autoconfigure-2.2.5.RELEASE.jar;G:\apache-maven-3.6.0\repo\org\springframework\boot\spring-boot-starter-logging\2.2.5.RELEASE\spring-boot-starter-logging-2.2.5.RELEASE.jar;G:\apache-maven-3.6.0\repo\ch\qos\logback\logback-classic\1.2.3\logback-classic-1.2.3.jar;G:\apache-maven-3.6.0\repo\ch\qos\logback\logback-core\1.2.3\logback-core-1.2.3.jar;G:\apache-maven-3.6.0\repo\org\apache\logging\log4j\log4j-to-slf4j\2.12.1\log4j-to-slf4j-2.12.1.jar;G:\apache-maven-3.6.0\repo\org\apache\logging\log4j\log4j-api\2.12.1\log4j-api-2.12.1.jar;G:\apache-maven-3.6.0\repo\org\slf4j\jul-to-slf4j\1.7.30\jul-to-slf4j-1.7.30.jar;G:\apache-maven-3.6.0\repo\jakarta\annotation\jakarta.annotation-api\1.3.5\jakarta.annotation-api-1.3.5.jar;G:\apache-maven-3.6.0\repo\org\springframework\spring-core\5.2.4.RELEASE\spring-core-5.2.4.RELEASE.jar;G:\apache-maven-3.6.0\repo\org\springframework\spring-jcl\5.2.4.RELEASE\spring-jcl-5.2.4.RELEASE.jar;G:\apache-maven-3.6.0\repo\org\yaml\snakeyaml\1.25\snakeyaml-1.25.jar;G:\apache-maven-3.6.0\repo\org\springframework\boot\spring-boot-starter-test\2.2.5.RELEASE\spring-boot-starter-test-2.2.5.RELEASE.jar;G:\apache-maven-3.6.0\repo\org\springframework\boot\spring-boot-test\2.2.5.RELEASE\spring-boot-test-2.2.5.RELEASE.jar;G:\apache-maven-3.6.0\repo\org\springframework\boot\spring-boot-test-autoconfigure\2.2.5.RELEASE\spring-boot-test-autoconfigure-2.2.5.RELEASE.jar;G:\apache-maven-3.6.0\repo\com\jayway\jsonpath\json-path\2.4.0\json-path-2.4.0.jar;G:\apache-maven-3.6.0\repo\net\minidev\json-smart\2.3\json-smart-2.3.jar;G:\apache-maven-3.6.0\repo\net\minidev\accessors-smart\1.2\accessors-smart-1.2.jar;G:\apache-maven-3.6.0\repo\org\ow2\asm\asm\5.0.4\asm-5.0.4.jar;G:\apache-maven-3.6.0\repo\org\slf4j\slf4j-api\1.7.30\slf4j-api-1.7.30.jar;G:\apache-maven-3.6.0\repo\jakarta\xml\bind\jakarta.xml.bind-api\2.3.2\jakarta.xml.bind-api-2.3.2.jar;G:\apache-maven-3.6.0\repo\jakarta\activation\jakarta.activation-api\1.2.2\jakarta.activation-api-1.2.2.jar;G:\apache-maven-3.6.0\repo\org\junit\jupiter\junit-jupiter\5.5.2\junit-jupiter-5.5.2.jar;G:\apache-maven-3.6.0\repo\org\junit\jupiter\junit-jupiter-api\5.5.2\junit-jupiter-api-5.5.2.jar;G:\apache-maven-3.6.0\repo\org\apiguardian\apiguardian-api\1.1.0\apiguardian-api-1.1.0.jar;G:\apache-maven-3.6.0\repo\org\opentest4j\opentest4j\1.2.0\opentest4j-1.2.0.jar;G:\apache-maven-3.6.0\repo\org\junit\platform\junit-platform-commons\1.5.2\junit-platform-commons-1.5.2.jar;G:\apache-maven-3.6.0\repo\org\junit\jupiter\junit-jupiter-params\5.5.2\junit-jupiter-params-5.5.2.jar;G:\apache-maven-3.6.0\repo\org\junit\jupiter\junit-jupiter-engine\5.5.2\junit-jupiter-engine-5.5.2.jar;G:\apache-maven-3.6.0\repo\org\junit\platform\junit-platform-engine\1.5.2\junit-platform-engine-1.5.2.jar;G:\apache-maven-3.6.0\repo\org\mockito\mockito-junit-jupiter\3.1.0\mockito-junit-jupiter-3.1.0.jar;G:\apache-maven-3.6.0\repo\org\assertj\assertj-core\3.13.2\assertj-core-3.13.2.jar;G:\apache-maven-3.6.0\repo\org\hamcrest\hamcrest\2.1\hamcrest-2.1.jar;G:\apache-maven-3.6.0\repo\org\mockito\mockito-core\3.1.0\mockito-core-3.1.0.jar;G:\apache-maven-3.6.0\repo\net\bytebuddy\byte-buddy\1.10.8\byte-buddy-1.10.8.jar;G:\apache-maven-3.6.0\repo\net\bytebuddy\byte-buddy-agent\1.10.8\byte-buddy-agent-1.10.8.jar;G:\apache-maven-3.6.0\repo\org\objenesis\objenesis\2.6\objenesis-2.6.jar;G:\apache-maven-3.6.0\repo\org\skyscreamer\jsonassert\1.5.0\jsonassert-1.5.0.jar;G:\apache-maven-3.6.0\repo\com\vaadin\external\google\android-json\0.0.20131108.vaadin1\android-json-0.0.20131108.vaadin1.jar;G:\apache-maven-3.6.0\repo\org\springframework\spring-test\5.2.4.RELEASE\spring-test-5.2.4.RELEASE.jar;G:\apache-maven-3.6.0\repo\org\xmlunit\xmlunit-core\2.6.3\xmlunit-core-2.6.3.jar;"/>
    <property name="java.vm.vendor" value="Oracle Corporation"/>
    <property name="sun.arch.data.model" value="64"/>
    <property name="user.variant" value=""/>
    <property name="java.vendor.url" value="http://java.oracle.com/"/>
    <property name="user.timezone" value="Asia/Shanghai"/>
    <property name="java.vm.specification.version" value="1.8"/>
    <property name="os.name" value="Windows 7"/>
    <property name="user.country" value="CN"/>
    <property name="sun.java.launcher" value="SUN_STANDARD"/>
    <property name="sun.boot.library.path" value="C:\Program Files\Java\jdk1.8.0_211\jre\bin"/>
    <property name="sun.java.command" value="C:\Users\ADMINI~1\AppData\Local\Temp\surefire5597974223630768646\surefirebooter3686449952784951823.jar C:\Users\Administrator\AppData\Local\Temp\surefire5597974223630768646 2020-08-31T18-48-37_575-jvmRun1 surefire6673203305859942912tmp surefire_08509745295626773420tmp"/>
    <property name="surefire.test.class.path" value="H:\NorthKingSys\NorthKingSys\target\test-classes;H:\NorthKingSys\NorthKingSys\target\classes;G:\apache-maven-3.6.0\repo\org\springframework\boot\spring-boot-starter\2.2.5.RELEASE\spring-boot-starter-2.2.5.RELEASE.jar;G:\apache-maven-3.6.0\repo\org\springframework\boot\spring-boot\2.2.5.RELEASE\spring-boot-2.2.5.RELEASE.jar;G:\apache-maven-3.6.0\repo\org\springframework\spring-context\5.2.4.RELEASE\spring-context-5.2.4.RELEASE.jar;G:\apache-maven-3.6.0\repo\org\springframework\spring-aop\5.2.4.RELEASE\spring-aop-5.2.4.RELEASE.jar;G:\apache-maven-3.6.0\repo\org\springframework\spring-beans\5.2.4.RELEASE\spring-beans-5.2.4.RELEASE.jar;G:\apache-maven-3.6.0\repo\org\springframework\spring-expression\5.2.4.RELEASE\spring-expression-5.2.4.RELEASE.jar;G:\apache-maven-3.6.0\repo\org\springframework\boot\spring-boot-autoconfigure\2.2.5.RELEASE\spring-boot-autoconfigure-2.2.5.RELEASE.jar;G:\apache-maven-3.6.0\repo\org\springframework\boot\spring-boot-starter-logging\2.2.5.RELEASE\spring-boot-starter-logging-2.2.5.RELEASE.jar;G:\apache-maven-3.6.0\repo\ch\qos\logback\logback-classic\1.2.3\logback-classic-1.2.3.jar;G:\apache-maven-3.6.0\repo\ch\qos\logback\logback-core\1.2.3\logback-core-1.2.3.jar;G:\apache-maven-3.6.0\repo\org\apache\logging\log4j\log4j-to-slf4j\2.12.1\log4j-to-slf4j-2.12.1.jar;G:\apache-maven-3.6.0\repo\org\apache\logging\log4j\log4j-api\2.12.1\log4j-api-2.12.1.jar;G:\apache-maven-3.6.0\repo\org\slf4j\jul-to-slf4j\1.7.30\jul-to-slf4j-1.7.30.jar;G:\apache-maven-3.6.0\repo\jakarta\annotation\jakarta.annotation-api\1.3.5\jakarta.annotation-api-1.3.5.jar;G:\apache-maven-3.6.0\repo\org\springframework\spring-core\5.2.4.RELEASE\spring-core-5.2.4.RELEASE.jar;G:\apache-maven-3.6.0\repo\org\springframework\spring-jcl\5.2.4.RELEASE\spring-jcl-5.2.4.RELEASE.jar;G:\apache-maven-3.6.0\repo\org\yaml\snakeyaml\1.25\snakeyaml-1.25.jar;G:\apache-maven-3.6.0\repo\org\springframework\boot\spring-boot-starter-test\2.2.5.RELEASE\spring-boot-starter-test-2.2.5.RELEASE.jar;G:\apache-maven-3.6.0\repo\org\springframework\boot\spring-boot-test\2.2.5.RELEASE\spring-boot-test-2.2.5.RELEASE.jar;G:\apache-maven-3.6.0\repo\org\springframework\boot\spring-boot-test-autoconfigure\2.2.5.RELEASE\spring-boot-test-autoconfigure-2.2.5.RELEASE.jar;G:\apache-maven-3.6.0\repo\com\jayway\jsonpath\json-path\2.4.0\json-path-2.4.0.jar;G:\apache-maven-3.6.0\repo\net\minidev\json-smart\2.3\json-smart-2.3.jar;G:\apache-maven-3.6.0\repo\net\minidev\accessors-smart\1.2\accessors-smart-1.2.jar;G:\apache-maven-3.6.0\repo\org\ow2\asm\asm\5.0.4\asm-5.0.4.jar;G:\apache-maven-3.6.0\repo\org\slf4j\slf4j-api\1.7.30\slf4j-api-1.7.30.jar;G:\apache-maven-3.6.0\repo\jakarta\xml\bind\jakarta.xml.bind-api\2.3.2\jakarta.xml.bind-api-2.3.2.jar;G:\apache-maven-3.6.0\repo\jakarta\activation\jakarta.activation-api\1.2.2\jakarta.activation-api-1.2.2.jar;G:\apache-maven-3.6.0\repo\org\junit\jupiter\junit-jupiter\5.5.2\junit-jupiter-5.5.2.jar;G:\apache-maven-3.6.0\repo\org\junit\jupiter\junit-jupiter-api\5.5.2\junit-jupiter-api-5.5.2.jar;G:\apache-maven-3.6.0\repo\org\apiguardian\apiguardian-api\1.1.0\apiguardian-api-1.1.0.jar;G:\apache-maven-3.6.0\repo\org\opentest4j\opentest4j\1.2.0\opentest4j-1.2.0.jar;G:\apache-maven-3.6.0\repo\org\junit\platform\junit-platform-commons\1.5.2\junit-platform-commons-1.5.2.jar;G:\apache-maven-3.6.0\repo\org\junit\jupiter\junit-jupiter-params\5.5.2\junit-jupiter-params-5.5.2.jar;G:\apache-maven-3.6.0\repo\org\junit\jupiter\junit-jupiter-engine\5.5.2\junit-jupiter-engine-5.5.2.jar;G:\apache-maven-3.6.0\repo\org\junit\platform\junit-platform-engine\1.5.2\junit-platform-engine-1.5.2.jar;G:\apache-maven-3.6.0\repo\org\mockito\mockito-junit-jupiter\3.1.0\mockito-junit-jupiter-3.1.0.jar;G:\apache-maven-3.6.0\repo\org\assertj\assertj-core\3.13.2\assertj-core-3.13.2.jar;G:\apache-maven-3.6.0\repo\org\hamcrest\hamcrest\2.1\hamcrest-2.1.jar;G:\apache-maven-3.6.0\repo\org\mockito\mockito-core\3.1.0\mockito-core-3.1.0.jar;G:\apache-maven-3.6.0\repo\net\bytebuddy\byte-buddy\1.10.8\byte-buddy-1.10.8.jar;G:\apache-maven-3.6.0\repo\net\bytebuddy\byte-buddy-agent\1.10.8\byte-buddy-agent-1.10.8.jar;G:\apache-maven-3.6.0\repo\org\objenesis\objenesis\2.6\objenesis-2.6.jar;G:\apache-maven-3.6.0\repo\org\skyscreamer\jsonassert\1.5.0\jsonassert-1.5.0.jar;G:\apache-maven-3.6.0\repo\com\vaadin\external\google\android-json\0.0.20131108.vaadin1\android-json-0.0.20131108.vaadin1.jar;G:\apache-maven-3.6.0\repo\org\springframework\spring-test\5.2.4.RELEASE\spring-test-5.2.4.RELEASE.jar;G:\apache-maven-3.6.0\repo\org\xmlunit\xmlunit-core\2.6.3\xmlunit-core-2.6.3.jar;"/>
    <property name="sun.cpu.endian" value="little"/>
    <property name="user.home" value="C:\Users\Administrator"/>
    <property name="user.language" value="zh"/>
    <property name="java.specification.vendor" value="Oracle Corporation"/>
    <property name="java.home" value="C:\Program Files\Java\jdk1.8.0_211\jre"/>
    <property name="basedir" value="H:\NorthKingSys\NorthKingSys"/>
    <property name="file.separator" value="\"/>
    <property name="line.separator" value="&#10;"/>
    <property name="idea.version2019.2.3" value="true"/>
    <property name="java.vm.specification.vendor" value="Oracle Corporation"/>
    <property name="java.specification.name" value="Java Platform API Specification"/>
    <property name="java.awt.graphicsenv" value="sun.awt.Win32GraphicsEnvironment"/>
    <property name="surefire.real.class.path" value="C:\Users\ADMINI~1\AppData\Local\Temp\surefire5597974223630768646\surefirebooter3686449952784951823.jar"/>
    <property name="sun.boot.class.path" value="C:\Program Files\Java\jdk1.8.0_211\jre\lib\resources.jar;C:\Program Files\Java\jdk1.8.0_211\jre\lib\rt.jar;C:\Program Files\Java\jdk1.8.0_211\jre\lib\sunrsasign.jar;C:\Program Files\Java\jdk1.8.0_211\jre\lib\jsse.jar;C:\Program Files\Java\jdk1.8.0_211\jre\lib\jce.jar;C:\Program Files\Java\jdk1.8.0_211\jre\lib\charsets.jar;C:\Program Files\Java\jdk1.8.0_211\jre\lib\jfr.jar;C:\Program Files\Java\jdk1.8.0_211\jre\classes"/>
    <property name="user.script" value=""/>
    <property name="sun.management.compiler" value="HotSpot 64-Bit Tiered Compilers"/>
    <property name="java.runtime.version" value="1.8.0_211-b12"/>
    <property name="user.name" value="Administrator"/>
    <property name="path.separator" value=";"/>
    <property name="os.version" value="6.1"/>
    <property name="java.endorsed.dirs" value="C:\Program Files\Java\jdk1.8.0_211\jre\lib\endorsed"/>
    <property name="java.runtime.name" value="Java(TM) SE Runtime Environment"/>
    <property name="file.encoding" value="GBK"/>
    <property name="java.vm.name" value="Java HotSpot(TM) 64-Bit Server VM"/>
    <property name="localRepository" value="G:\apache-maven-3.6.0\repo"/>
    <property name="java.vendor.url.bug" value="http://bugreport.sun.com/bugreport/"/>
    <property name="java.io.tmpdir" value="C:\Users\ADMINI~1\AppData\Local\Temp\"/>
    <property name="java.version" value="1.8.0_211"/>
    <property name="user.dir" value="H:\NorthKingSys\NorthKingSys"/>
    <property name="os.arch" value="amd64"/>
    <property name="java.vm.specification.name" value="Java Virtual Machine Specification"/>
    <property name="java.awt.printerjob" value="sun.awt.windows.WPrinterJob"/>
    <property name="sun.os.patch.level" value="Service Pack 1"/>
    <property name="java.library.path" value="C:\Program Files\Java\jdk1.8.0_211\jre\bin;C:\Windows\Sun\Java\bin;C:\Windows\system32;C:\Windows;C:\Windows\system32;C:\Windows;C:\Windows\System32\Wbem;D:\BaiduNetdiskDownload\elasticsearch-7.3.2-windows-x86_64\elasticsearch-7.3.2\jdk\bin;D:\BaiduNetdiskDownload\elasticsearch-7.3.2-windows-x86_64\elasticsearch-7.3.2\jdk\jre\bin;G:\apache-maven-3.6.0\bin;C:\Program Files\MySQL\MySQL Shell 8.0\bin\;."/>
    <property name="java.vm.info" value="mixed mode"/>
    <property name="java.vendor" value="Oracle Corporation"/>
    <property name="java.vm.version" value="25.211-b12"/>
    <property name="java.ext.dirs" value="C:\Program Files\Java\jdk1.8.0_211\jre\lib\ext;C:\Windows\Sun\Java\lib\ext"/>
    <property name="sun.io.unicode.encoding" value="UnicodeLittle"/>
    <property name="maven.repo.local" value="G:\apache-maven-3.6.0\repo"/>
    <property name="java.class.version" value="52.0"/>
  </properties>
  <testcase name="contextLoads" classname="com.NorthKingSys.jbf.cn.NorthKingSysApplicationTests" time="1.798"/>
</testsuite>